<?xml version="1.0" encoding="UTF-8"?>
<testng-results ignored="0" total="1" passed="1" failed="0" skipped="0">
  <reporter-output>
  </reporter-output>
  <suite started-at="2023-03-03T21:52:23 IST" name="Suite" finished-at="2023-03-03T21:52:41 IST" duration-ms="17655">
    <groups>
    </groups>
    <test started-at="2023-03-03T21:52:23 IST" name="Sauce Test" finished-at="2023-03-03T21:52:41 IST" duration-ms="17655">
      <class name="com.sauce.testcases.SauceSucessTest">
        <test-method is-config="true" signature="setup()[pri:0, instance:com.sauce.testcases.SauceSucessTest@4ac3c60d]" started-at="2023-03-03T21:52:24 IST" name="setup" finished-at="2023-03-03T21:52:27 IST" duration-ms="3711" status="PASS">
          <reporter-output>
          </reporter-output>
        </test-method> <!-- setup -->
        <test-method signature="login()[pri:0, instance:com.sauce.testcases.SauceSucessTest@4ac3c60d]" started-at="2023-03-03T21:52:27 IST" name="login" finished-at="2023-03-03T21:52:39 IST" duration-ms="11635" status="PASS">
          <reporter-output>
          </reporter-output>
        </test-method> <!-- login -->
        <test-method is-config="true" signature="tearDown()[pri:0, instance:com.sauce.testcases.SauceSucessTest@4ac3c60d]" started-at="2023-03-03T21:52:39 IST" name="tearDown" finished-at="2023-03-03T21:52:41 IST" duration-ms="1990" status="PASS">
          <reporter-output>
          </reporter-output>
        </test-method> <!-- tearDown -->
      </class> <!-- com.sauce.testcases.SauceSucessTest -->
    </test> <!-- Sauce Test -->
  </suite> <!-- Suite -->
</testng-results>
