<?xml version="1.0" encoding="UTF-8"?>
<testng-results ignored="0" total="1" passed="1" failed="0" skipped="0">
  <reporter-output>
  </reporter-output>
  <suite started-at="2023-03-03T11:42:58 IST" name="Suite" finished-at="2023-03-03T11:43:56 IST" duration-ms="58488">
    <groups>
    </groups>
    <test started-at="2023-03-03T11:42:58 IST" name="Sauce Test" finished-at="2023-03-03T11:43:56 IST" duration-ms="58488">
      <class name="com.sauce.testcases.SauceSucessTest">
        <test-method is-config="true" signature="setup()[pri:0, instance:com.sauce.testcases.SauceSucessTest@7ec7ffd3]" started-at="2023-03-03T11:42:59 IST" name="setup" finished-at="2023-03-03T11:43:45 IST" duration-ms="45538" status="PASS">
          <reporter-output>
          </reporter-output>
        </test-method> <!-- setup -->
        <test-method signature="login()[pri:0, instance:com.sauce.testcases.SauceSucessTest@7ec7ffd3]" started-at="2023-03-03T11:43:45 IST" name="login" finished-at="2023-03-03T11:43:55 IST" duration-ms="9804" status="PASS">
          <reporter-output>
          </reporter-output>
        </test-method> <!-- login -->
        <test-method is-config="true" signature="tearDown()[pri:0, instance:com.sauce.testcases.SauceSucessTest@7ec7ffd3]" started-at="2023-03-03T11:43:56 IST" name="tearDown" finished-at="2023-03-03T11:43:56 IST" duration-ms="666" status="PASS">
          <reporter-output>
          </reporter-output>
        </test-method> <!-- tearDown -->
      </class> <!-- com.sauce.testcases.SauceSucessTest -->
    </test> <!-- Sauce Test -->
  </suite> <!-- Suite -->
</testng-results>
